This is pdfTeX, Version 3.141592653-2.6-1.40.22 (TeX Live 2021) (preloaded format=pdflatex 2022.3.10)  15 MAR 2022 15:37
entering extended mode
 restricted \write18 enabled.
 %&-line parsing enabled.
**"Manuale sulla lore di Valhastra.tex"
(./Manuale sulla lore di Valhastra.tex
LaTeX2e <2020-10-01> patch level 4
L3 programming layer <2021-05-07>
(/usr/share/texlive/texmf-dist/tex/latex/base/book.cls
Document Class: book 2020/04/10 v1.4m Standard LaTeX document class
(/usr/share/texlive/texmf-dist/tex/latex/base/bk12.clo
File: bk12.clo 2020/04/10 v1.4m Standard LaTeX file (size option)
)
\c@part=\count179
\c@chapter=\count180
\c@section=\count181
\c@subsection=\count182
\c@subsubsection=\count183
\c@paragraph=\count184
\c@subparagraph=\count185
\c@figure=\count186
\c@table=\count187
\abovecaptionskip=\skip47
\belowcaptionskip=\skip48
\bibindent=\dimen138
)
(/usr/share/texlive/texmf-dist/tex/generic/babel/babel.sty
Package: babel 2021/04/26 3.58 The Babel package

(/usr/share/texlive/texmf-dist/tex/generic/babel/babel.def
File: babel.def 2021/04/26 3.58 Babel common definitions
\babel@savecnt=\count188
\U@D=\dimen139
\l@unhyphenated=\language3

(/usr/share/texlive/texmf-dist/tex/generic/babel/txtbabel.def)
\bbl@readstream=\read2
)
\bbl@dirlevel=\count189


! Package babel Error: Unknown option `italian'. Either you misspelled it
(babel)                or the language definition file italian.ldf was not foun
d.

See the babel package documentation for explanation.
Type  H <return>  for immediate help.
 ...                                              
                                                  
l.1121 \ProcessOptions*
                       
? 
Package babel Info: You haven't specified a language. I'll use 'nil'
(babel)             as the main language. Reported on input line 1160.
(/usr/share/texlive/texmf-dist/tex/generic/babel/nil.ldf
Language: nil 2021/04/26 3.58 Nil language
\l@nil=\language4
))
(/usr/share/texlive/texmf-dist/tex/latex/base/fontenc.sty
Package: fontenc 2020/08/10 v2.0s Standard LaTeX package
)
(/usr/share/texlive/texmf-dist/tex/latex/base/inputenc.sty
Package: inputenc 2020/08/01 v1.3d Input encoding file
\inpenc@prehook=\toks15
\inpenc@posthook=\toks16
)

! LaTeX Error: File `kantlipsum.sty' not found.

Type X to quit or <RETURN> to proceed,
or enter new name. (Default extension: sty)

Enter file name: 
(/usr/share/texlive/texmf-dist/tex/latex/graphics/graphicx.sty
Package: graphicx 2020/09/09 v1.2b Enhanced LaTeX Graphics (DPC,SPQR)

(/usr/share/texlive/texmf-dist/tex/latex/graphics/keyval.sty
Package: keyval 2014/10/28 v1.15 key=value parser (DPC)
\KV@toks@=\toks17
)
(/usr/share/texlive/texmf-dist/tex/latex/graphics/graphics.sty
Package: graphics 2020/08/30 v1.4c Standard LaTeX Graphics (DPC,SPQR)

(/usr/share/texlive/texmf-dist/tex/latex/graphics/trig.sty
Package: trig 2016/01/03 v1.10 sin cos tan (DPC)
)
(/usr/share/texlive/texmf-dist/tex/latex/graphics-cfg/graphics.cfg
File: graphics.cfg 2016/06/04 v1.11 sample graphics configuration
)
Package graphics Info: Driver file: pdftex.def on input line 105.

(/usr/share/texlive/texmf-dist/tex/latex/graphics-def/pdftex.def
File: pdftex.def 2020/10/05 v1.2a Graphics/color driver for pdftex
))
\Gin@req@height=\dimen140
\Gin@req@width=\dimen141
)
(/usr/share/texlive/texmf-dist/tex/latex/l3backend/l3backend-pdftex.def
File: l3backend-pdftex.def 2021-05-07 L3 backend support: PDF output (pdfTeX)
\l__color_backend_stack_int=\count190
\l__pdf_internal_box=\box47
)
(./Manuale sulla lore di Valhastra.aux)
\openout1 = `"Manuale sulla lore di Valhastra.aux"'.

LaTeX Font Info:    Checking defaults for OML/cmm/m/it on input line 9.
LaTeX Font Info:    ... okay on input line 9.
LaTeX Font Info:    Checking defaults for OMS/cmsy/m/n on input line 9.
LaTeX Font Info:    ... okay on input line 9.
LaTeX Font Info:    Checking defaults for OT1/cmr/m/n on input line 9.
LaTeX Font Info:    ... okay on input line 9.
LaTeX Font Info:    Checking defaults for T1/cmr/m/n on input line 9.
LaTeX Font Info:    ... okay on input line 9.
LaTeX Font Info:    Checking defaults for TS1/cmr/m/n on input line 9.
LaTeX Font Info:    ... okay on input line 9.
LaTeX Font Info:    Checking defaults for OMX/cmex/m/n on input line 9.
LaTeX Font Info:    ... okay on input line 9.
LaTeX Font Info:    Checking defaults for U/cmr/m/n on input line 9.
LaTeX Font Info:    ... okay on input line 9.

(/usr/share/texlive/texmf-dist/tex/context/base/mkii/supp-pdf.mkii
[Loading MPS to PDF converter (version 2006.09.02).]
\scratchcounter=\count191
\scratchdimen=\dimen142
\scratchbox=\box48
\nofMPsegments=\count192
\nofMParguments=\count193
\everyMPshowfont=\toks18
\MPscratchCnt=\count194
\MPscratchDim=\dimen143
\MPnumerator=\count195
\makeMPintoPDFobject=\count196
\everyMPtoPDFconversion=\toks19
) (/usr/share/texlive/texmf-dist/tex/latex/epstopdf-pkg/epstopdf-base.sty
Package: epstopdf-base 2020-01-24 v2.11 Base part for package epstopdf
Package epstopdf-base Info: Redefining graphics rule for `.eps' on input line 4
85.

(/usr/share/texlive/texmf-dist/tex/latex/latexconfig/epstopdf-sys.cfg
File: epstopdf-sys.cfg 2010/07/13 v1.3 Configuration of (r)epstopdf for TeX Liv
e
))
LaTeX Font Info:    External font `cmex10' loaded for size
(Font)              <14.4> on input line 13.
LaTeX Font Info:    External font `cmex10' loaded for size
(Font)              <7> on input line 13.

[1


{/usr/share/texlive/texmf-var/fonts/map/pdftex/updmap/pdftex.map}] [2

]
(./Manuale sulla lore di Valhastra.toc
LaTeX Font Info:    External font `cmex10' loaded for size
(Font)              <12> on input line 3.
LaTeX Font Info:    External font `cmex10' loaded for size
(Font)              <8> on input line 3.
LaTeX Font Info:    External font `cmex10' loaded for size
(Font)              <6> on input line 3.
 [3])
\tf@toc=\write3
\openout3 = `"Manuale sulla lore di Valhastra.toc"'.

 [4]
Chapter 1.

Overfull \hbox (12.73079pt too wide) in paragraph at lines 22--31
\T1/cmr/m/n/12 Questa guida è stata pensata con lo scopo di illustrare al letto
re le caratteristiche
 []


Overfull \hbox (1.76665pt too wide) in paragraph at lines 22--31
\T1/cmr/m/n/12 la popolazione di quell'universo possiede tecnologica di tipo me
dievale (aratro,
 []


Overfull \hbox (5.96512pt too wide) in paragraph at lines 22--31
\T1/cmr/m/n/12 carri, cavalli e cavalieri, lance, scudi, arieti, ecc.) che vien
e resa più interessante
 []


Overfull \hbox (3.59421pt too wide) in paragraph at lines 22--31
\T1/cmr/m/n/12 se dichiara di voler provare ad ammaestrarlo, al contrario un 20
 pieno permette
 []


Underfull \vbox (badness 1975) has occurred while \output is active []

 [5

]
Overfull \hbox (16.7117pt too wide) in paragraph at lines 34--35
[]\T1/cmr/m/n/12 Nota: questo documento verrà riempito man mano che i giocatori
 scopriranno
 []

[6]
Chapter 2.
<mappaValhastra.jpeg, id=28, 1606.0pt x 815.045pt>
File: mappaValhastra.jpeg Graphic file (type jpg)
<use mappaValhastra.jpeg>
Package pdftex.def Info: mappaValhastra.jpeg  used on input line 49.
(pdftex.def)             Requested size: 481.80373pt x 244.51538pt.

Overfull \hbox (109.42854pt too wide) in paragraph at lines 49--50
[][] 
 []


Underfull \vbox (badness 10000) has occurred while \output is active []

 [7

]
[8 <./mappaValhastra.jpeg>] [9]
Overfull \hbox (8.12775pt too wide) in paragraph at lines 82--83
[]\T1/cmr/m/n/12 Di seguito viene presentato un modello che raffigura la capita
le di Valhastra,
 []

<PiantinaValhastra.png, id=41, 523.20468pt x 524.71031pt>
File: PiantinaValhastra.png Graphic file (type png)
<use PiantinaValhastra.png>
Package pdftex.def Info: PiantinaValhastra.png  used on input line 84.
(pdftex.def)             Requested size: 470.87985pt x 472.23491pt.

Overfull \hbox (98.50467pt too wide) in paragraph at lines 84--85
[][] 
 []

[10 <./PiantinaValhastra.png (PNG copy)>]
Overfull \hbox (8.42754pt too wide) in paragraph at lines 87--90
[]\T1/cmr/m/n/12 è possibile notare come la città sia divisa principalmente in 
quattro distretti:
 []


Overfull \hbox (15.13696pt too wide) in paragraph at lines 87--90
\T1/cmr/m/n/12 Bolloweenz,Strimbergo,Miskeleto,Reliat, rispettivamente il distr
etto residenziale
 []

[11]
Overfull \hbox (1.63623pt too wide) in paragraph at lines 122--126
\T1/cmr/m/n/12 trovare una ricca presenza di laghi d'acido,fiammelle verdeacqua
,erbe di colore
 []

[12]
Overfull \hbox (39.55347pt too wide) in paragraph at lines 145--147
\T1/cmr/m/n/12 è un regno dove prevalentemente abitano i draghi, esseri dall'in
telletto sopraffino,dalle
 []

[13]
Overfull \hbox (33.70163pt too wide) in paragraph at lines 168--171
\T1/cmr/m/n/12 marittime solamente negli ultimi anni. Questo regno è molto vast
o e strategicamente
 []


Overfull \hbox (6.67241pt too wide) in paragraph at lines 174--179
\T1/cmr/m/n/12 dall'ambientazione di Valhastra la cosmologia dell'ambientazione
 di Greyhawk. 
 []

[14]
<Piani.png, id=58, 411.03563pt x 507.39563pt>
File: Piani.png Graphic file (type png)
<use Piani.png>
Package pdftex.def Info: Piani.png  used on input line 180.
(pdftex.def)             Requested size: 287.72298pt x 355.17451pt.
 [15 <./Piani.png (PNG copy)>]
Overfull \hbox (6.35692pt too wide) in paragraph at lines 209--212
\T1/cmr/m/n/12 piano materiale. è interessante poichè fornisce una visione legg
ermente distorta
 []

[16] [17]
<Bytopia.png, id=68, 378.66469pt x 483.30562pt>
File: Bytopia.png Graphic file (type png)
<use Bytopia.png>
Package pdftex.def Info: Bytopia.png  used on input line 268.
(pdftex.def)             Requested size: 378.66376pt x 483.30444pt.

Overfull \hbox (6.28857pt too wide) in paragraph at lines 268--269
[][] 
 []

[18] [19 <./Bytopia.png (PNG copy)>]
Overfull \hbox (14.29713pt too wide) in paragraph at lines 295--297
\T1/cmr/m/n/12 si fondono mutando e creare cose nuove che successivamente vengo
no rimodellate
 []

[20]
Overfull \hbox (8.68445pt too wide) in paragraph at lines 323--325
\T1/cmr/m/n/12 è un luogo ricco di lava, dove diverse isole dotate di vulcani s
orvolano l'ammasso
 []


Overfull \hbox (3.65948pt too wide) in paragraph at lines 323--325
\T1/cmr/m/n/12 secoli a creare delle città ma resta comunque al momento un luog
o difficilmente
 []

[21] [22]
Chapter 3.

Underfull \vbox (badness 10000) has occurred while \output is active []

 [23

]
Overfull \hbox (21.52263pt too wide) in paragraph at lines 378--381
\T1/cmr/m/n/12 Erythnul è il dio del panico e del massacro. I suoi domini sono 
caos,guerra,inganno
 []

[24] [25] [26]
Chapter 4.

Overfull \hbox (13.28342pt too wide) in paragraph at lines 486--488
\T1/cmr/m/n/12 La magia arcana deriva da meccanismi interiori del proprio corpo
 che consentono
 []


Overfull \hbox (6.55272pt too wide) in paragraph at lines 486--488
\T1/cmr/m/n/12 lo scambio di energia con l'esterno. Questa energia via allenata
 per aumentarne
 []

[27

] [28

]
Chapter 5.

Overfull \hbox (2.411pt too wide) in paragraph at lines 497--498
\T1/cmr/m/n/12 Nel mondo di Valhastra vi sono differenti organizzazioni e istit
uzioni differenti,
 []


Overfull \hbox (10.99039pt too wide) in paragraph at lines 506--509
\T1/cmr/m/n/12 l'esercito bensì come organizzazione a sè. è composta da membri 
sia dell'esercito
 []

[29]
Overfull \hbox (2.48456pt too wide) in paragraph at lines 537--539
\T1/cmr/m/n/12 convergono il teletrasporto dei nemici in punti specifici dove p
ossono eliminarli
 []

[30]
Overfull \hbox (3.95084pt too wide) in paragraph at lines 542--543
\T1/cmr/m/n/12 L'unità di spionaggio si occupa di invadere altri stati con lo s
copo di raccogliere
 []


Overfull \hbox (21.24536pt too wide) in paragraph at lines 546--547
\T1/cmr/m/n/12 La guardia imperiale è formata da combattenti formidabili, il cu
i equipaggiamento
 []

[31] [32

]
Chapter 6.
[33] [34] [35] (./Manuale sulla lore di Valhastra.aux) ) 
Here is how much of TeX's memory you used:
 2297 strings out of 480806
 32695 string characters out of 5905151
 338978 words of memory out of 6000000
 19673 multiletter control sequences out of 15000+600000
 415183 words of font info for 50 fonts, out of 8000000 for 9000
 14 hyphenation exceptions out of 8191
 55i,6n,62p,644b,246s stack positions out of 5000i,500n,10000p,200000b,80000s
{/usr/share/texlive/tex
mf-dist/fonts/enc/dvips/cm-super/cm-super-ts1.enc}{/usr/share/texlive/texmf-dis
t/fonts/enc/dvips/cm-super/cm-super-t1.enc}</usr/share/texlive/texmf-dist/fonts
/type1/public/amsfonts/cm/cmmi12.pfb></usr/share/texlive/texmf-dist/fonts/type1
/public/amsfonts/cm/cmr12.pfb></usr/share/texlive/texmf-dist/fonts/type1/public
/amsfonts/cm/cmsy10.pfb></usr/share/texlive/texmf-dist/fonts/type1/public/cm-su
per/sfbx1200.pfb></usr/share/texlive/texmf-dist/fonts/type1/public/cm-super/sfb
x1440.pfb></usr/share/texlive/texmf-dist/fonts/type1/public/cm-super/sfbx1728.p
fb></usr/share/texlive/texmf-dist/fonts/type1/public/cm-super/sfbx2488.pfb></us
r/share/texlive/texmf-dist/fonts/type1/public/cm-super/sfrm1200.pfb></usr/share
/texlive/texmf-dist/fonts/type1/public/cm-super/sfrm1440.pfb></usr/share/texliv
e/texmf-dist/fonts/type1/public/cm-super/sfrm2074.pfb></usr/share/texlive/texmf
-dist/fonts/type1/public/cm-super/sfsl1200.pfb>
Output written on "Manuale sulla lore di Valhastra.pdf" (35 pages, 1891978 byte
s).
PDF statistics:
 169 PDF objects out of 1000 (max. 8388607)
 115 compressed objects within 2 object streams
 0 named destinations out of 1000 (max. 500000)
 21 words of extra memory for PDF output out of 10000 (max. 10000000)

